{"meta": {"version": "6.5.0", "timestamp": "2022-11-22T21:53:49.412663", "branch_coverage": false, "show_contexts": false}, "files": {"cli/check_open.py": {"executed_lines": [1, 5, 6, 7, 8, 9, 10, 11], "summary": {"covered_lines": 8, "num_statements": 10, "percent_covered": 80.0, "percent_covered_display": "80", "missing_lines": 2, "excluded_lines": 0}, "missing_lines": [12, 13], "excluded_lines": []}, "cli/check_win.py": {"executed_lines": [1, 5, 6], "summary": {"covered_lines": 3, "num_statements": 3, "percent_covered": 100.0, "percent_covered_display": "100", "missing_lines": 0, "excluded_lines": 0}, "missing_lines": [], "excluded_lines": []}, "cli/cli_asyncio.py": {"executed_lines": [1, 2, 3, 4, 5, 7, 8, 9, 10, 11, 14, 18, 25, 26, 28, 31, 35, 37, 42, 43, 44, 45, 47, 48, 49, 50, 51, 54, 57, 58, 59, 61, 62, 65, 71, 72, 73, 75, 76, 84, 85, 102], "summary": {"covered_lines": 42, "num_statements": 63, "percent_covered": 66.66666666666667, "percent_covered_display": "67", "missing_lines": 21, "excluded_lines": 0}, "missing_lines": [52, 53, 77, 78, 80, 81, 82, 83, 86, 87, 88, 89, 91, 92, 93, 94, 95, 96, 97, 99, 103], "excluded_lines": []}, "cli/cli_threading.py": {"executed_lines": [1, 2, 3, 4, 5, 7, 8, 9, 10, 12, 13, 20, 24, 31, 32, 34, 37, 41, 42, 43, 44, 45, 46, 47, 48, 49, 52, 55, 56, 57, 58, 59, 61, 62, 63, 64, 65, 68, 74, 75, 76, 78, 79, 84, 85, 99], "summary": {"covered_lines": 46, "num_statements": 63, "percent_covered": 73.01587301587301, "percent_covered_display": "73", "missing_lines": 17, "excluded_lines": 0}, "missing_lines": [50, 51, 80, 81, 82, 83, 86, 87, 88, 89, 90, 91, 92, 93, 94, 96, 100], "excluded_lines": []}, "cli/import_urls.py": {"executed_lines": [1, 2, 5, 6, 7, 8, 9, 10, 11], "summary": {"covered_lines": 9, "num_statements": 9, "percent_covered": 100.0, "percent_covered_display": "100", "missing_lines": 0, "excluded_lines": 0}, "missing_lines": [], "excluded_lines": []}, "cli/msg.py": {"executed_lines": [1, 5, 12, 16, 21, 25], "summary": {"covered_lines": 6, "num_statements": 6, "percent_covered": 100.0, "percent_covered_display": "100", "missing_lines": 0, "excluded_lines": 0}, "missing_lines": [], "excluded_lines": []}, "tests/test_asyncio.py": {"executed_lines": [1, 2, 5, 9, 10, 13, 16, 19, 24, 25, 29, 30, 31, 32, 33, 34, 39, 40, 44, 45, 46, 47, 48, 50, 55, 59, 60, 61, 62, 63, 68, 72, 73, 74, 75, 76, 77, 78, 83, 87, 88, 89, 90, 91, 92, 93, 94, 95, 96, 97], "summary": {"covered_lines": 50, "num_statements": 50, "percent_covered": 100.0, "percent_covered_display": "100", "missing_lines": 0, "excluded_lines": 0}, "missing_lines": [], "excluded_lines": []}, "tests/test_cli.py": {"executed_lines": [1, 5, 6, 9, 10, 13, 14, 17, 18, 23, 27, 28, 29, 30, 36, 40, 41, 42, 43, 46, 49, 54, 58, 59, 60], "summary": {"covered_lines": 25, "num_statements": 33, "percent_covered": 75.75757575757575, "percent_covered_display": "76", "missing_lines": 8, "excluded_lines": 0}, "missing_lines": [7, 8, 11, 12, 15, 16, 19, 20], "excluded_lines": []}, "tests/test_threading.py": {"executed_lines": [1, 4, 8, 9, 12, 15, 18, 23, 27, 28, 29, 30, 31, 36, 40, 41, 42, 43, 44, 45, 46, 51, 55, 56, 57, 58, 59, 60, 65, 69, 70, 71, 72, 73, 74, 79, 83, 84, 85, 86, 87, 88, 89, 90, 91, 92, 93], "summary": {"covered_lines": 47, "num_statements": 47, "percent_covered": 100.0, "percent_covered_display": "100", "missing_lines": 0, "excluded_lines": 0}, "missing_lines": [], "excluded_lines": []}}, "totals": {"covered_lines": 236, "num_statements": 284, "percent_covered": 83.09859154929578, "percent_covered_display": "83", "missing_lines": 48, "excluded_lines": 0}}